mode: set
github.com/Im-Manav/order-matching-engine/internal/engine/matcher.go:11.73,14.20 3 1
github.com/Im-Manav/order-matching-engine/internal/engine/matcher.go:15.13,16.34 1 1
github.com/Im-Manav/order-matching-engine/internal/engine/matcher.go:17.14,18.35 1 1
github.com/Im-Manav/order-matching-engine/internal/engine/matcher.go:19.10,20.47 1 1
github.com/Im-Manav/order-matching-engine/internal/engine/matcher.go:24.81,27.25 3 1
github.com/Im-Manav/order-matching-engine/internal/engine/matcher.go:27.25,29.52 2 1
github.com/Im-Manav/order-matching-engine/internal/engine/matcher.go:29.52,30.9 1 1
github.com/Im-Manav/order-matching-engine/internal/engine/matcher.go:32.3,39.28 6 1
github.com/Im-Manav/order-matching-engine/internal/engine/matcher.go:39.28,42.4 2 1
github.com/Im-Manav/order-matching-engine/internal/engine/matcher.go:42.9,44.4 1 1
github.com/Im-Manav/order-matching-engine/internal/engine/matcher.go:46.2,46.25 1 1
github.com/Im-Manav/order-matching-engine/internal/engine/matcher.go:46.25,49.3 2 1
github.com/Im-Manav/order-matching-engine/internal/engine/matcher.go:49.8,49.41 1 1
github.com/Im-Manav/order-matching-engine/internal/engine/matcher.go:49.41,51.3 1 1
github.com/Im-Manav/order-matching-engine/internal/engine/matcher.go:51.8,53.3 1 1
github.com/Im-Manav/order-matching-engine/internal/engine/matcher.go:54.2,54.20 1 1
github.com/Im-Manav/order-matching-engine/internal/engine/matcher.go:57.82,60.25 3 1
github.com/Im-Manav/order-matching-engine/internal/engine/matcher.go:60.25,62.52 2 1
github.com/Im-Manav/order-matching-engine/internal/engine/matcher.go:62.52,63.9 1 1
github.com/Im-Manav/order-matching-engine/internal/engine/matcher.go:65.3,72.28 6 1
github.com/Im-Manav/order-matching-engine/internal/engine/matcher.go:72.28,75.4 2 1
github.com/Im-Manav/order-matching-engine/internal/engine/matcher.go:75.9,77.4 1 0
github.com/Im-Manav/order-matching-engine/internal/engine/matcher.go:79.2,79.25 1 1
github.com/Im-Manav/order-matching-engine/internal/engine/matcher.go:79.25,82.3 2 0
github.com/Im-Manav/order-matching-engine/internal/engine/matcher.go:82.8,82.41 1 1
github.com/Im-Manav/order-matching-engine/internal/engine/matcher.go:82.41,84.3 1 1
github.com/Im-Manav/order-matching-engine/internal/engine/matcher.go:84.8,86.3 1 0
github.com/Im-Manav/order-matching-engine/internal/engine/matcher.go:87.2,87.20 1 1
github.com/Im-Manav/order-matching-engine/internal/engine/matcher.go:90.87,99.2 1 1
github.com/Im-Manav/order-matching-engine/internal/engine/matcher.go:101.31,103.2 1 1
github.com/Im-Manav/order-matching-engine/internal/engine/orderbook.go:16.32,21.2 1 1
github.com/Im-Manav/order-matching-engine/internal/engine/orderbook.go:23.52,24.25 1 1
github.com/Im-Manav/order-matching-engine/internal/engine/orderbook.go:24.25,26.3 1 1
github.com/Im-Manav/order-matching-engine/internal/engine/orderbook.go:27.2,27.26 1 1
github.com/Im-Manav/order-matching-engine/internal/engine/orderbook.go:27.26,29.3 1 1
github.com/Im-Manav/order-matching-engine/internal/engine/orderbook.go:32.63,33.14 1 1
github.com/Im-Manav/order-matching-engine/internal/engine/orderbook.go:34.13,35.39 1 1
github.com/Im-Manav/order-matching-engine/internal/engine/orderbook.go:36.14,37.40 1 1
github.com/Im-Manav/order-matching-engine/internal/engine/orderbook.go:38.10,39.30 1 0
github.com/Im-Manav/order-matching-engine/internal/engine/orderbook.go:44.49,45.28 1 1
github.com/Im-Manav/order-matching-engine/internal/engine/orderbook.go:45.28,47.3 1 1
github.com/Im-Manav/order-matching-engine/internal/engine/orderbook.go:48.2,49.25 2 1
github.com/Im-Manav/order-matching-engine/internal/engine/orderbook.go:49.25,51.3 1 1
github.com/Im-Manav/order-matching-engine/internal/engine/orderbook.go:52.2,53.53 2 1
github.com/Im-Manav/order-matching-engine/internal/engine/orderbook.go:57.49,58.29 1 1
github.com/Im-Manav/order-matching-engine/internal/engine/orderbook.go:58.29,60.3 1 1
github.com/Im-Manav/order-matching-engine/internal/engine/orderbook.go:61.2,62.25 2 1
github.com/Im-Manav/order-matching-engine/internal/engine/orderbook.go:62.25,64.3 1 1
github.com/Im-Manav/order-matching-engine/internal/engine/orderbook.go:65.2,66.39 2 1
github.com/Im-Manav/order-matching-engine/internal/engine/orderbook.go:70.43,74.35 4 1
github.com/Im-Manav/order-matching-engine/internal/engine/orderbook.go:74.35,75.17 1 1
github.com/Im-Manav/order-matching-engine/internal/engine/orderbook.go:75.17,76.9 1 1
github.com/Im-Manav/order-matching-engine/internal/engine/orderbook.go:78.3,78.89 1 1
github.com/Im-Manav/order-matching-engine/internal/engine/orderbook.go:81.2,83.43 3 1
github.com/Im-Manav/order-matching-engine/internal/engine/orderbook.go:83.43,85.32 2 1
github.com/Im-Manav/order-matching-engine/internal/engine/orderbook.go:85.32,86.9 1 1
github.com/Im-Manav/order-matching-engine/internal/engine/orderbook.go:88.3,88.85 1 1
github.com/Im-Manav/order-matching-engine/internal/engine/orderbook.go:95.81,96.31 1 1
github.com/Im-Manav/order-matching-engine/internal/engine/orderbook.go:96.31,97.32 1 1
github.com/Im-Manav/order-matching-engine/internal/engine/orderbook.go:97.32,98.27 1 1
github.com/Im-Manav/order-matching-engine/internal/engine/orderbook.go:98.27,100.27 2 1
github.com/Im-Manav/order-matching-engine/internal/engine/orderbook.go:100.27,102.6 1 1
github.com/Im-Manav/order-matching-engine/internal/engine/orderbook.go:103.5,103.21 1 1
github.com/Im-Manav/order-matching-engine/internal/engine/orderbook.go:107.2,107.43 1 1
github.com/Im-Manav/order-matching-engine/internal/engine/orderbook.go:111.63,112.14 1 1
github.com/Im-Manav/order-matching-engine/internal/engine/orderbook.go:112.14,114.3 1 0
github.com/Im-Manav/order-matching-engine/internal/engine/orderbook.go:115.2,116.31 2 1
github.com/Im-Manav/order-matching-engine/internal/engine/orderbook.go:116.31,117.22 1 1
github.com/Im-Manav/order-matching-engine/internal/engine/orderbook.go:117.22,119.4 1 1
github.com/Im-Manav/order-matching-engine/internal/engine/orderbook.go:121.2,121.18 1 1
github.com/Im-Manav/order-matching-engine/internal/engine/orderbook.go:125.43,127.26 2 1
github.com/Im-Manav/order-matching-engine/internal/engine/orderbook.go:127.26,129.3 1 1
github.com/Im-Manav/order-matching-engine/internal/engine/orderbook.go:130.2,130.12 1 1
